SF:lib/services/firebase_storage.dart
DA:4,2
DA:6,3
DA:7,0
DA:10,2
DA:11,2
LF:5
LH:4
end_of_record
SF:lib/screens/edit_profile.dart
DA:14,10
DA:16,1
DA:17,1
DA:39,0
DA:41,0
DA:42,0
DA:43,0
DA:44,0
DA:45,0
DA:47,0
DA:48,0
DA:49,0
DA:50,0
DA:53,0
DA:54,0
DA:56,0
DA:57,0
DA:58,0
DA:59,0
DA:62,0
DA:64,0
DA:67,1
DA:68,1
DA:69,1
DA:70,1
DA:71,2
DA:72,1
DA:73,1
DA:74,1
DA:75,2
DA:76,1
DA:78,2
DA:79,2
DA:81,2
DA:82,1
DA:86,0
DA:88,0
DA:90,0
DA:92,0
DA:93,0
DA:95,0
DA:96,0
DA:102,1
DA:104,1
DA:105,1
DA:108,1
DA:111,2
DA:112,2
DA:113,1
DA:116,1
DA:118,1
DA:119,1
DA:121,1
DA:123,1
DA:124,1
DA:125,1
DA:126,1
DA:127,1
DA:128,1
DA:129,1
DA:130,1
DA:134,1
DA:136,1
DA:137,1
DA:138,1
DA:140,1
DA:141,2
DA:142,1
DA:143,1
DA:144,0
DA:145,0
DA:149,1
DA:150,1
DA:151,2
DA:156,1
DA:158,1
DA:160,1
DA:163,1
DA:165,1
DA:166,1
DA:169,1
DA:170,0
DA:173,0
DA:175,1
DA:178,3
DA:180,0
DA:181,0
DA:182,0
DA:183,0
DA:186,0
DA:192,1
DA:194,1
DA:195,1
DA:196,1
DA:197,1
DA:198,1
DA:200,1
DA:201,1
DA:202,0
DA:203,0
DA:208,1
DA:209,1
DA:210,2
DA:216,1
DA:218,1
DA:220,1
DA:223,1
DA:224,1
DA:227,1
DA:228,0
DA:230,0
DA:231,0
DA:232,0
DA:234,1
DA:236,1
DA:237,1
DA:238,1
DA:240,0
DA:241,0
DA:242,0
DA:243,0
DA:246,0
DA:281,1
DA:282,1
DA:298,1
DA:299,1
DA:316,1
DA:318,1
DA:319,0
DA:320,0
DA:325,0
DA:326,0
DA:328,0
DA:342,1
LF:134
LH:84
end_of_record
SF:lib/services/preferences.dart
DA:6,7
DA:9,8
DA:10,8
DA:13,0
DA:14,0
DA:18,0
DA:19,0
DA:23,1
DA:24,2
DA:27,0
DA:28,0
DA:31,5
DA:32,10
DA:35,1
DA:36,1
DA:37,2
DA:40,2
DA:41,4
DA:44,0
DA:45,0
DA:46,0
DA:49,1
DA:50,2
DA:53,0
DA:54,0
DA:55,0
DA:58,1
DA:59,2
LF:28
LH:16
end_of_record
SF:lib/services/firebase_firestore.dart
DA:8,6
DA:10,9
DA:11,0
DA:14,1
DA:19,1
DA:20,1
DA:21,1
DA:22,1
DA:23,1
DA:25,0
DA:26,0
DA:31,1
DA:34,4
DA:51,2
DA:52,2
DA:55,2
DA:56,2
DA:57,2
DA:58,2
DA:59,4
DA:60,6
DA:61,2
DA:64,0
DA:65,0
DA:71,1
DA:72,1
DA:73,1
DA:76,1
DA:77,1
DA:78,1
DA:79,1
DA:80,1
DA:81,2
DA:82,1
DA:83,0
DA:84,0
DA:89,0
DA:90,0
DA:95,1
DA:96,1
DA:100,4
DA:102,1
DA:103,1
DA:104,1
DA:105,1
DA:109,0
DA:110,0
DA:114,1
DA:115,1
DA:119,4
DA:120,2
DA:121,3
DA:122,1
DA:126,0
DA:127,0
DA:131,1
DA:134,4
DA:136,2
DA:137,3
DA:138,1
DA:139,1
DA:140,1
DA:141,3
DA:142,2
DA:145,0
DA:149,1
DA:152,4
DA:154,2
DA:155,3
DA:156,1
DA:157,1
DA:158,1
DA:159,3
DA:160,2
DA:163,0
DA:167,1
DA:171,4
DA:173,2
DA:174,3
DA:175,2
DA:176,1
DA:177,1
DA:178,3
DA:179,2
DA:182,0
DA:186,1
DA:190,4
DA:192,2
DA:193,3
DA:194,2
DA:196,1
DA:198,1
DA:200,3
DA:201,2
DA:204,0
DA:208,1
DA:210,1
DA:211,1
DA:212,1
DA:213,1
DA:215,2
DA:217,3
DA:218,1
DA:219,1
DA:220,1
DA:224,0
DA:227,0
DA:230,1
DA:233,4
DA:235,2
DA:236,3
DA:237,2
DA:238,1
DA:239,1
DA:240,3
DA:241,2
DA:244,0
DA:248,1
DA:252,4
DA:254,2
DA:255,3
DA:256,2
DA:257,1
DA:258,1
DA:259,3
DA:260,2
DA:263,0
DA:267,1
DA:269,1
DA:270,1
DA:271,1
DA:272,1
DA:274,2
DA:275,3
DA:276,1
DA:280,0
DA:283,0
DA:286,1
DA:287,1
DA:290,3
DA:292,2
DA:293,1
DA:294,2
DA:295,1
DA:299,1
DA:300,3
DA:303,0
DA:304,0
DA:309,1
DA:310,1
DA:313,1
DA:314,3
DA:315,1
DA:316,0
DA:317,0
DA:321,1
DA:322,1
DA:323,1
DA:324,1
DA:325,5
DA:326,1
DA:327,1
DA:328,1
DA:329,3
DA:330,0
DA:331,0
DA:335,0
DA:338,0
DA:339,0
DA:340,0
DA:341,0
DA:342,0
DA:343,0
DA:344,0
DA:345,0
DA:352,0
DA:354,0
DA:357,0
DA:358,0
DA:359,0
DA:360,0
DA:361,0
DA:365,0
DA:366,0
DA:367,0
DA:368,0
DA:369,0
DA:370,0
DA:371,0
DA:372,0
DA:373,0
DA:374,0
DA:375,0
DA:379,1
DA:381,1
DA:382,1
DA:383,1
DA:384,1
DA:385,2
DA:386,5
DA:391,0
DA:392,0
DA:393,0
DA:394,0
DA:395,0
DA:396,0
DA:397,0
DA:403,1
DA:405,1
DA:406,1
DA:407,1
DA:408,1
DA:409,2
DA:410,2
DA:412,3
DA:416,0
DA:417,0
DA:421,0
DA:424,0
DA:425,0
DA:426,0
DA:427,0
DA:428,0
DA:429,0
DA:437,0
DA:438,0
DA:440,0
DA:441,0
DA:446,0
DA:447,0
DA:451,1
DA:452,1
DA:453,1
DA:454,1
DA:455,1
DA:456,2
DA:459,0
DA:460,0
DA:462,0
DA:465,0
DA:466,0
DA:467,0
DA:468,0
DA:469,0
DA:470,0
DA:471,0
DA:472,0
DA:473,0
DA:475,0
DA:476,0
DA:478,0
DA:479,0
DA:480,0
DA:485,0
DA:486,0
DA:492,1
DA:493,1
DA:495,1
DA:496,1
DA:497,1
DA:498,1
DA:499,2
DA:500,2
DA:501,2
DA:502,2
DA:506,0
DA:507,0
LF:267
LH:168
end_of_record
SF:lib/firebase_options.dart
DA:18,0
DA:22,0
DA:23,0
DA:25,0
DA:27,0
DA:29,0
DA:30,0
DA:34,0
DA:35,0
DA:40,0
LF:10
LH:0
end_of_record
SF:lib/main.dart
DA:17,0
DA:18,0
DA:19,0
DA:20,0
DA:24,0
DA:25,0
DA:26,0
DA:28,0
DA:30,0
DA:35,9
DA:37,0
DA:39,0
DA:41,0
DA:42,0
DA:43,0
DA:53,9
DA:55,0
DA:56,0
DA:67,0
DA:69,0
DA:70,0
DA:71,0
DA:72,0
DA:73,0
DA:75,0
DA:76,0
DA:77,0
DA:78,0
DA:80,0
DA:81,0
DA:82,0
DA:83,0
DA:85,0
DA:86,0
DA:87,0
DA:88,0
DA:90,0
DA:91,0
DA:92,0
DA:93,0
DA:99,0
DA:118,0
DA:120,0
DA:122,0
DA:123,0
DA:125,0
DA:126,0
DA:128,0
DA:129,0
DA:131,0
DA:132,0
DA:136,0
LF:52
LH:2
end_of_record
SF:lib/services/light_dark_manager.dart
DA:9,0
DA:11,0
DA:12,0
DA:13,0
DA:14,0
LF:5
LH:0
end_of_record
SF:lib/themes/app_theme.dart
DA:4,0
DA:14,0
DA:15,0
DA:21,0
DA:30,0
DA:31,0
LF:6
LH:0
end_of_record
SF:lib/screens/home_page.dart
DA:13,10
DA:15,1
DA:16,1
DA:28,1
DA:30,1
DA:31,1
DA:33,3
DA:36,0
DA:37,0
DA:38,0
DA:39,0
DA:40,0
DA:42,0
DA:43,0
DA:44,0
DA:45,0
DA:46,0
DA:49,0
DA:53,0
DA:54,0
DA:55,0
DA:56,0
DA:59,0
DA:60,0
DA:61,0
DA:78,1
DA:79,1
DA:82,1
DA:83,5
DA:85,0
DA:89,1
DA:90,2
DA:91,1
DA:92,2
DA:93,1
DA:94,2
DA:95,1
DA:96,4
DA:99,1
DA:102,1
DA:104,2
DA:105,2
DA:106,1
DA:109,1
DA:111,1
DA:113,1
DA:114,1
DA:115,1
DA:116,1
DA:121,1
DA:122,1
DA:124,1
DA:146,1
DA:148,1
DA:149,1
DA:150,1
DA:153,1
DA:155,0
DA:157,1
DA:158,1
DA:161,0
DA:164,1
DA:167,1
DA:169,1
DA:170,1
DA:172,0
DA:173,0
DA:174,0
DA:175,0
DA:176,0
DA:177,0
DA:178,0
DA:179,0
DA:180,0
DA:181,0
DA:192,1
DA:199,1
DA:200,1
DA:201,1
DA:202,0
DA:204,0
DA:205,0
DA:207,0
DA:208,0
DA:209,0
DA:210,0
DA:211,0
DA:215,1
DA:217,1
DA:219,1
DA:220,1
DA:222,1
DA:223,1
DA:227,1
DA:228,1
DA:230,1
DA:231,1
DA:232,1
DA:233,1
DA:234,1
DA:241,1
DA:242,1
DA:243,3
DA:250,1
DA:252,1
DA:254,1
DA:255,1
DA:256,2
DA:269,1
DA:271,1
DA:272,1
DA:275,3
DA:291,2
LF:113
LH:74
end_of_record
SF:lib/screens/maps.dart
DA:14,9
DA:16,0
DA:20,0
DA:23,0
DA:32,9
DA:34,0
DA:36,0
DA:50,0
DA:51,0
DA:54,0
DA:55,0
DA:56,0
DA:57,0
DA:58,0
DA:61,0
DA:64,0
DA:66,0
DA:67,0
DA:68,0
DA:69,0
DA:72,0
DA:73,0
DA:74,0
DA:75,0
DA:76,0
DA:77,0
DA:82,0
DA:85,0
DA:86,0
DA:91,0
DA:92,0
DA:93,0
DA:94,0
DA:95,0
DA:96,0
DA:99,0
DA:103,0
DA:105,0
DA:106,0
DA:108,0
DA:109,0
DA:110,0
DA:111,0
DA:112,0
DA:114,0
DA:116,0
DA:118,0
DA:119,0
LF:48
LH:2
end_of_record
SF:lib/screens/login.dart
DA:10,20
DA:12,2
DA:14,2
DA:16,2
DA:17,2
DA:18,2
DA:20,2
DA:21,2
DA:23,2
DA:29,2
DA:32,2
DA:33,2
DA:34,2
DA:35,2
DA:38,2
DA:40,2
DA:41,2
DA:42,2
DA:43,2
DA:46,2
DA:56,4
DA:58,2
DA:59,2
DA:69,2
DA:71,4
DA:72,4
DA:73,2
DA:76,2
DA:78,2
DA:79,2
DA:80,2
DA:81,2
DA:82,2
DA:84,2
DA:92,0
DA:93,0
DA:94,0
DA:95,0
DA:103,2
DA:105,2
DA:106,2
DA:107,2
DA:113,2
DA:114,0
DA:115,0
DA:116,0
DA:119,2
DA:120,2
DA:125,0
DA:126,0
DA:127,0
DA:128,0
DA:136,2
DA:138,2
DA:139,2
DA:141,2
DA:143,0
DA:144,0
DA:145,0
DA:148,0
DA:151,0
DA:152,0
DA:153,0
DA:154,0
DA:158,0
DA:159,0
DA:160,0
DA:161,0
DA:167,0
DA:169,0
DA:170,0
DA:174,0
DA:175,0
DA:178,0
DA:184,2
DA:185,2
DA:186,2
DA:193,2
DA:195,2
DA:202,2
DA:204,0
DA:206,0
DA:207,0
DA:208,0
LF:84
LH:51
end_of_record
SF:lib/screens/homepage_user.dart
DA:24,1
DA:28,1
DA:29,2
DA:37,1
DA:51,1
DA:52,1
DA:55,1
DA:57,1
DA:58,1
DA:59,1
DA:60,1
DA:61,1
DA:62,1
DA:63,1
DA:66,1
DA:67,3
DA:68,2
DA:69,1
DA:73,1
DA:74,3
DA:76,4
DA:79,7
DA:80,5
DA:83,2
DA:84,1
DA:88,1
DA:89,2
DA:91,5
DA:92,6
DA:94,2
DA:95,1
DA:99,1
DA:100,6
DA:102,5
DA:103,2
DA:104,4
DA:106,6
DA:108,6
DA:109,5
DA:112,2
DA:113,1
DA:117,1
DA:118,6
DA:119,6
DA:121,2
DA:122,2
DA:124,2
DA:125,1
DA:129,1
DA:130,2
DA:132,2
DA:133,2
DA:135,2
DA:136,1
DA:140,1
DA:142,1
DA:146,1
DA:147,1
DA:148,1
DA:149,1
DA:151,1
DA:152,1
DA:153,1
DA:154,2
DA:155,1
DA:156,1
DA:157,2
DA:161,1
DA:162,1
DA:163,1
DA:164,4
DA:165,1
DA:166,1
DA:167,1
DA:168,1
DA:169,2
DA:174,1
DA:178,1
DA:181,1
DA:182,1
DA:185,1
DA:187,1
DA:188,1
DA:189,5
DA:195,1
DA:196,1
DA:204,3
DA:205,1
DA:207,0
DA:208,0
DA:209,0
DA:210,0
DA:212,0
DA:214,0
DA:215,0
DA:217,0
DA:218,0
DA:219,0
DA:220,0
DA:221,0
DA:229,0
DA:232,1
DA:234,1
DA:237,1
DA:248,1
DA:250,1
DA:251,2
DA:253,1
DA:254,1
DA:258,1
DA:259,1
DA:260,1
DA:261,1
DA:262,1
DA:263,1
DA:264,1
DA:265,1
DA:266,1
DA:267,3
DA:270,0
DA:271,0
DA:272,0
DA:275,0
DA:276,0
DA:277,0
DA:279,0
DA:281,0
DA:282,0
DA:284,0
DA:285,0
DA:286,0
DA:288,0
DA:291,1
DA:292,1
DA:293,2
DA:294,1
DA:296,0
DA:304,1
DA:307,1
DA:310,1
DA:321,1
DA:322,1
DA:323,1
DA:324,2
DA:326,1
DA:327,1
DA:330,1
DA:331,1
DA:332,1
DA:333,1
DA:334,1
DA:335,1
DA:336,1
DA:337,1
DA:338,1
DA:339,1
DA:340,1
DA:341,5
DA:343,1
DA:344,1
DA:346,0
DA:347,0
DA:348,0
DA:350,0
DA:351,0
DA:352,0
DA:354,0
DA:356,0
DA:357,0
DA:359,0
DA:360,0
DA:361,0
DA:363,0
DA:366,1
DA:367,1
DA:368,2
DA:371,0
DA:379,1
DA:382,1
DA:383,1
DA:386,1
DA:388,1
DA:399,1
DA:401,1
DA:404,1
DA:407,0
DA:408,0
DA:409,0
DA:411,0
DA:412,0
DA:414,0
DA:415,0
DA:416,0
DA:418,0
DA:425,1
DA:434,1
DA:435,1
DA:436,1
DA:439,2
DA:441,1
DA:442,1
DA:443,1
DA:444,1
DA:445,1
DA:447,1
DA:448,5
DA:449,1
DA:452,1
DA:454,1
DA:455,6
DA:456,1
DA:459,1
DA:460,1
DA:461,6
DA:462,3
DA:466,0
DA:467,0
DA:468,0
DA:474,1
DA:475,1
DA:476,1
DA:482,0
DA:483,0
DA:484,0
LF:224
LH:168
end_of_record
SF:lib/screens/friends_list.dart
DA:13,10
DA:15,1
DA:16,1
DA:28,1
DA:30,2
DA:32,2
DA:33,0
DA:34,0
DA:35,0
DA:38,3
DA:39,2
DA:42,1
DA:45,1
DA:47,2
DA:48,2
DA:49,1
DA:52,1
DA:53,2
DA:54,2
DA:58,0
DA:59,0
DA:63,0
DA:65,0
DA:66,0
DA:69,0
DA:74,1
DA:80,1
DA:82,1
DA:83,1
DA:84,1
DA:85,1
DA:87,1
DA:88,3
DA:90,1
DA:91,1
DA:92,2
DA:93,1
DA:94,1
DA:95,1
DA:96,1
DA:98,1
DA:106,1
DA:107,1
DA:113,1
DA:115,1
DA:116,1
DA:117,1
DA:118,1
DA:119,1
DA:120,1
DA:121,1
DA:122,1
DA:123,1
DA:124,1
DA:125,1
DA:126,2
DA:127,1
DA:129,1
DA:130,1
DA:132,1
DA:142,1
DA:143,1
DA:144,1
DA:145,1
DA:146,1
DA:147,1
DA:148,2
DA:149,1
DA:151,1
DA:152,1
DA:154,1
DA:164,1
DA:165,0
DA:169,1
DA:170,1
DA:171,1
DA:172,1
DA:184,1
DA:186,1
DA:187,1
DA:188,1
DA:189,2
DA:191,1
DA:192,1
DA:194,0
DA:197,1
DA:198,1
DA:200,1
DA:201,1
DA:203,1
DA:205,1
DA:206,1
DA:208,2
DA:211,1
DA:212,1
DA:213,1
DA:214,1
DA:215,1
DA:218,1
DA:220,1
DA:221,1
DA:228,1
DA:233,1
DA:236,1
DA:237,2
DA:251,1
DA:252,1
DA:265,1
DA:266,1
DA:267,1
DA:268,1
DA:269,1
DA:270,1
DA:271,1
DA:273,1
DA:275,1
DA:277,1
DA:284,1
DA:285,0
DA:286,0
DA:287,0
DA:288,2
DA:289,1
DA:291,1
DA:292,1
DA:293,3
DA:294,1
DA:295,1
DA:304,1
DA:305,1
DA:306,1
DA:307,1
DA:308,1
LF:133
LH:119
end_of_record
SF:lib/screens/add_milestone.dart
DA:12,0
DA:16,0
DA:17,0
DA:29,0
DA:30,0
DA:33,0
DA:35,0
DA:36,0
DA:39,0
DA:40,0
DA:42,0
DA:43,0
DA:44,0
DA:51,0
DA:52,0
DA:54,0
DA:55,0
DA:57,0
DA:60,0
DA:62,0
DA:63,0
DA:65,0
DA:67,0
DA:71,0
DA:72,0
DA:75,0
DA:76,0
DA:77,0
DA:78,0
DA:86,0
DA:87,0
DA:95,0
DA:96,0
DA:97,0
DA:99,0
DA:101,0
DA:102,0
DA:103,0
DA:104,0
DA:110,0
DA:111,0
DA:113,0
DA:115,0
DA:116,0
DA:119,0
DA:120,0
DA:124,0
DA:125,0
DA:127,0
DA:132,0
DA:134,0
LF:51
LH:0
end_of_record
SF:lib/widgets/button.dart
DA:7,4
DA:10,4
DA:12,4
DA:14,4
DA:15,4
DA:16,4
DA:17,4
DA:18,8
DA:20,4
DA:21,4
LF:10
LH:10
end_of_record
SF:lib/widgets/app_bar.dart
DA:5,8
DA:12,74
DA:20,8
DA:22,8
DA:24,8
DA:25,8
DA:27,24
DA:29,8
DA:31,8
LF:9
LH:9
end_of_record
SF:lib/screens/change_password.dart
DA:10,10
DA:12,1
DA:13,1
DA:24,1
DA:25,2
DA:28,2
DA:31,1
DA:34,2
DA:35,2
DA:36,1
DA:39,1
DA:41,1
DA:43,1
DA:44,1
DA:45,1
DA:46,1
DA:47,1
DA:48,1
DA:49,1
DA:53,1
DA:55,1
DA:57,1
DA:58,1
DA:59,1
DA:65,1
DA:66,0
DA:67,0
DA:68,0
DA:71,1
DA:72,1
DA:78,1
DA:79,2
DA:86,1
DA:88,1
DA:89,1
DA:90,1
DA:97,1
DA:98,0
DA:99,0
DA:100,0
DA:103,1
DA:104,1
DA:110,1
DA:111,2
DA:118,1
DA:120,1
DA:121,1
DA:128,1
DA:129,0
DA:130,0
DA:131,0
DA:134,1
DA:135,1
DA:141,1
DA:142,3
DA:149,1
DA:150,1
DA:151,3
DA:153,1
DA:154,3
DA:155,2
DA:156,2
DA:157,1
DA:159,1
DA:161,1
DA:168,1
DA:177,1
DA:178,1
DA:180,2
DA:183,1
DA:184,1
DA:185,1
DA:186,1
DA:195,1
DA:196,1
DA:198,2
DA:201,1
DA:202,1
DA:203,1
DA:204,1
LF:80
LH:71
end_of_record
SF:lib/widgets/responsive_wrapper.dart
DA:6,14
DA:12,6
DA:14,6
DA:15,6
DA:17,6
DA:18,18
DA:20,6
DA:22,6
DA:23,6
DA:24,12
DA:26,6
LF:11
LH:11
end_of_record
SF:lib/screens/courses.dart
DA:14,0
DA:20,0
DA:21,0
DA:37,0
DA:38,0
DA:39,0
DA:40,0
DA:43,0
DA:44,0
DA:45,0
DA:46,0
DA:50,0
DA:51,0
DA:52,0
DA:54,0
DA:55,0
DA:56,0
DA:57,0
DA:59,0
DA:60,0
DA:61,0
DA:64,0
DA:65,0
DA:67,0
DA:68,0
DA:69,0
DA:70,0
DA:72,0
DA:75,0
DA:77,0
DA:79,0
DA:84,0
DA:85,0
DA:86,0
DA:89,0
DA:91,0
DA:92,0
DA:93,0
DA:98,0
DA:99,0
DA:106,0
DA:108,0
DA:109,0
DA:110,0
DA:112,0
DA:113,0
DA:116,0
DA:117,0
DA:119,0
DA:120,0
DA:121,0
DA:124,0
DA:125,0
DA:129,0
DA:130,0
DA:133,0
DA:134,0
DA:136,0
DA:137,0
DA:138,0
DA:140,0
DA:142,0
DA:146,0
DA:147,0
DA:150,0
DA:152,0
DA:153,0
DA:154,0
DA:155,0
DA:157,0
DA:161,0
DA:162,0
DA:164,0
DA:167,0
DA:168,0
DA:173,0
DA:174,0
DA:177,0
DA:179,0
DA:180,0
DA:181,0
DA:183,0
DA:187,0
DA:204,0
DA:205,0
DA:208,0
DA:215,0
DA:216,0
DA:218,0
DA:219,0
DA:221,0
DA:223,0
DA:225,0
DA:227,0
DA:229,0
DA:230,0
DA:234,0
DA:251,0
DA:252,0
DA:255,0
DA:256,0
DA:257,0
DA:258,0
DA:259,0
DA:263,0
DA:268,0
DA:275,0
DA:279,0
DA:280,0
DA:288,0
DA:289,0
DA:292,0
DA:294,0
DA:295,0
DA:296,0
DA:297,0
DA:298,0
DA:300,0
DA:303,0
DA:305,0
DA:306,0
DA:309,0
DA:311,0
DA:312,0
DA:313,0
DA:314,0
DA:315,0
DA:316,0
DA:317,0
DA:324,0
DA:325,0
DA:332,0
DA:335,0
DA:337,0
DA:338,0
DA:339,0
DA:340,0
DA:341,0
DA:344,0
DA:345,0
DA:346,0
DA:347,0
DA:349,0
DA:350,0
DA:351,0
DA:352,0
DA:354,0
DA:355,0
DA:356,0
DA:357,0
DA:358,0
DA:361,0
LF:152
LH:0
end_of_record
SF:lib/widgets/container_shadow.dart
DA:10,4
DA:19,4
DA:21,4
DA:22,4
DA:23,4
DA:28,4
DA:29,4
DA:30,4
DA:31,12
DA:32,4
DA:33,4
DA:34,12
DA:41,4
LF:13
LH:13
end_of_record
SF:lib/screens/my_friends_list.dart
DA:10,9
DA:12,1
DA:13,1
DA:24,1
DA:26,1
DA:27,1
DA:28,3
DA:31,1
DA:33,2
DA:34,1
DA:37,0
DA:38,0
DA:39,0
DA:40,0
DA:42,0
DA:43,0
DA:44,0
DA:45,0
DA:46,0
DA:51,1
DA:52,1
DA:53,2
DA:54,1
DA:55,2
DA:56,1
DA:57,2
DA:62,1
DA:64,1
DA:65,1
DA:66,1
DA:67,1
DA:69,1
DA:70,1
DA:72,1
DA:73,1
DA:74,1
DA:77,1
DA:79,0
DA:81,1
DA:82,1
DA:85,0
DA:88,1
DA:91,1
DA:93,1
DA:94,1
DA:96,0
DA:97,0
DA:98,0
DA:99,0
DA:100,0
DA:101,0
DA:102,0
DA:103,0
DA:110,1
DA:111,1
DA:113,1
DA:114,2
DA:116,1
DA:117,1
DA:118,0
DA:120,0
DA:121,0
DA:123,0
DA:124,0
DA:128,1
DA:130,1
DA:132,1
DA:133,1
DA:135,1
DA:136,1
DA:139,1
DA:140,1
DA:142,1
DA:150,1
DA:152,1
DA:155,1
DA:156,1
DA:159,1
DA:160,2
DA:167,1
DA:168,1
DA:169,1
DA:170,1
DA:172,1
DA:173,1
DA:174,2
DA:197,1
DA:198,1
DA:199,1
DA:200,1
DA:201,1
DA:203,1
DA:204,1
DA:205,2
DA:206,1
DA:208,1
DA:218,1
DA:219,1
DA:220,1
DA:221,2
DA:230,1
DA:231,0
DA:232,0
DA:246,1
DA:247,2
DA:248,2
DA:249,2
DA:252,2
DA:253,2
LF:109
LH:83
end_of_record
SF:lib/screens/search_friend_list.dart
DA:10,9
DA:12,1
DA:13,1
DA:23,1
DA:25,1
DA:26,1
DA:27,1
DA:28,3
DA:31,0
DA:33,0
DA:34,0
DA:37,0
DA:38,0
DA:39,0
DA:40,0
DA:42,0
DA:43,0
DA:44,0
DA:45,0
DA:46,0
DA:51,1
DA:52,1
DA:53,2
DA:54,1
DA:55,2
DA:56,1
DA:57,2
DA:62,1
DA:63,1
DA:64,2
DA:65,1
DA:66,2
DA:67,1
DA:72,1
DA:74,1
DA:75,1
DA:76,1
DA:77,1
DA:79,1
DA:80,1
DA:82,1
DA:83,1
DA:84,1
DA:87,1
DA:89,0
DA:91,1
DA:92,1
DA:95,0
DA:98,1
DA:101,1
DA:103,1
DA:104,1
DA:106,0
DA:107,0
DA:108,0
DA:109,0
DA:110,0
DA:111,0
DA:112,0
DA:113,0
DA:120,1
DA:121,1
DA:123,1
DA:124,2
DA:126,1
DA:127,2
DA:128,2
DA:129,1
DA:130,0
DA:132,0
DA:133,0
DA:135,0
DA:136,0
DA:140,1
DA:142,1
DA:144,1
DA:145,1
DA:147,1
DA:148,1
DA:151,1
DA:152,1
DA:154,1
DA:162,1
DA:164,1
DA:167,1
DA:168,1
DA:171,1
DA:172,2
DA:179,1
DA:180,1
DA:186,1
DA:187,1
DA:190,1
DA:192,1
DA:194,1
DA:217,1
DA:218,1
DA:219,1
DA:220,1
DA:221,1
DA:223,1
DA:224,1
DA:225,2
DA:226,1
DA:230,1
DA:240,1
DA:241,1
DA:242,1
DA:243,2
DA:252,1
DA:253,0
DA:254,0
DA:268,1
DA:269,2
DA:270,2
DA:273,2
DA:274,1
DA:275,1
DA:279,1
DA:280,1
DA:281,1
DA:282,1
DA:283,1
DA:285,1
DA:286,1
DA:287,2
DA:288,1
DA:292,1
DA:302,1
DA:303,1
DA:304,1
DA:305,2
DA:314,1
DA:315,0
DA:316,0
DA:330,1
DA:331,2
DA:332,2
DA:335,1
DA:336,1
DA:337,1
DA:338,1
LF:142
LH:111
end_of_record
SF:lib/widgets/screen_transition.dart
DA:4,1
DA:11,1
DA:12,2
DA:14,1
DA:16,1
DA:17,1
DA:18,1
DA:19,1
DA:21,1
DA:22,2
DA:24,1
LF:11
LH:11
end_of_record
SF:lib/screens/homepage_hobby.dart
DA:17,2
DA:21,1
DA:22,2
DA:54,1
DA:55,1
DA:59,1
DA:60,1
DA:62,2
DA:64,1
DA:66,0
DA:69,2
DA:73,1
DA:75,2
DA:79,0
DA:80,0
DA:82,0
DA:84,0
DA:86,0
DA:89,0
DA:93,0
DA:95,0
DA:99,1
DA:100,4
DA:103,1
DA:104,2
DA:107,3
DA:108,2
DA:112,1
DA:114,1
DA:115,1
DA:117,1
DA:121,1
DA:122,1
DA:123,1
DA:124,2
DA:129,1
DA:133,1
DA:134,1
DA:135,2
DA:143,1
DA:144,1
DA:148,1
DA:149,1
DA:152,1
DA:153,1
DA:160,1
DA:163,1
DA:164,1
DA:166,3
DA:171,1
DA:174,1
DA:186,1
DA:192,1
DA:193,2
DA:195,0
DA:196,0
DA:199,0
DA:200,0
DA:201,0
DA:202,0
DA:204,0
DA:205,0
DA:206,0
DA:208,0
DA:210,0
DA:211,0
DA:213,0
DA:214,0
LF:68
LH:45
end_of_record
SF:lib/widgets/button_icon.dart
DA:8,4
DA:16,4
DA:18,4
DA:19,4
DA:20,4
DA:22,4
DA:23,4
DA:24,4
DA:26,4
LF:9
LH:9
end_of_record
SF:lib/screens/homepage_mentor.dart
DA:25,0
DA:29,0
DA:30,0
DA:58,0
DA:59,0
DA:62,0
DA:64,0
DA:65,0
DA:66,0
DA:67,0
DA:68,0
DA:69,0
DA:72,0
DA:73,0
DA:74,0
DA:75,0
DA:79,0
DA:80,0
DA:81,0
DA:83,0
DA:84,0
DA:86,0
DA:87,0
DA:91,0
DA:92,0
DA:94,0
DA:95,0
DA:99,0
DA:100,0
DA:102,0
DA:103,0
DA:104,0
DA:106,0
DA:107,0
DA:108,0
DA:111,0
DA:112,0
DA:117,0
DA:118,0
DA:120,0
DA:122,0
DA:124,0
DA:127,0
DA:131,0
DA:133,0
DA:138,0
DA:143,0
DA:146,0
DA:149,0
DA:156,0
DA:161,0
DA:163,0
DA:167,0
DA:168,0
DA:170,0
DA:171,0
DA:172,0
DA:173,0
DA:174,0
DA:175,0
DA:176,0
DA:177,0
DA:181,0
DA:182,0
DA:183,0
DA:184,0
DA:185,0
DA:186,0
DA:187,0
DA:188,0
DA:189,0
DA:194,0
DA:199,0
DA:201,0
DA:202,0
DA:205,0
DA:207,0
DA:208,0
DA:209,0
DA:215,0
DA:216,0
DA:224,0
DA:226,0
DA:227,0
DA:231,0
DA:234,0
DA:246,0
DA:247,0
DA:248,0
DA:249,0
DA:250,0
DA:253,0
DA:254,0
DA:255,0
DA:256,0
DA:259,0
DA:261,0
DA:262,0
DA:263,0
DA:267,0
DA:268,0
DA:278,0
DA:281,0
DA:292,0
DA:302,0
DA:303,0
DA:304,0
DA:307,0
DA:314,0
DA:315,0
DA:316,0
DA:317,0
DA:318,0
DA:319,0
DA:320,0
DA:321,0
DA:323,0
DA:324,0
DA:328,0
DA:330,0
DA:332,0
DA:333,0
DA:336,0
DA:337,0
DA:339,0
DA:340,0
DA:341,0
DA:348,0
DA:349,0
DA:354,0
DA:356,0
DA:359,0
DA:360,0
DA:362,0
DA:363,0
DA:364,0
DA:367,0
DA:368,0
DA:378,0
LF:139
LH:0
end_of_record
SF:lib/screens/settings.dart
DA:17,1
DA:19,1
DA:24,1
DA:26,3
DA:33,1
DA:34,1
DA:35,1
DA:38,1
DA:40,1
DA:44,1
DA:45,1
DA:46,1
DA:47,2
DA:53,1
DA:55,1
DA:59,1
DA:60,1
DA:63,1
DA:64,1
DA:66,1
DA:68,1
DA:69,1
DA:70,1
DA:71,2
DA:79,1
DA:80,1
DA:82,1
DA:86,1
DA:87,1
DA:88,1
DA:95,1
DA:98,1
DA:99,1
DA:116,1
DA:119,1
DA:120,1
DA:121,1
DA:122,1
DA:126,1
DA:127,0
DA:128,0
DA:129,0
DA:130,0
DA:135,1
DA:139,0
DA:141,0
DA:143,0
DA:144,0
DA:149,1
DA:153,0
DA:156,0
DA:158,0
DA:159,0
DA:168,1
DA:171,1
DA:173,1
DA:176,1
DA:177,1
DA:180,2
DA:181,1
DA:182,1
DA:186,1
DA:187,1
DA:188,1
LF:64
LH:52
end_of_record
SF:lib/screens/sign_up.dart
DA:8,10
DA:10,1
DA:24,9
DA:26,1
DA:27,1
DA:40,1
DA:42,2
DA:43,2
DA:44,2
DA:45,2
DA:46,2
DA:47,1
DA:50,1
DA:52,1
DA:53,1
DA:54,1
DA:55,1
DA:56,1
DA:57,1
DA:59,1
DA:61,1
DA:64,1
DA:71,1
DA:72,1
DA:78,1
DA:79,1
DA:83,1
DA:84,1
DA:86,1
DA:93,1
DA:94,1
DA:100,1
DA:101,1
DA:103,1
DA:110,1
DA:111,1
DA:117,1
DA:118,1
DA:120,1
DA:127,1
DA:128,1
DA:131,1
DA:132,1
DA:138,1
DA:139,1
DA:141,1
DA:142,1
DA:143,1
DA:149,1
DA:150,1
DA:151,2
DA:152,2
DA:155,1
DA:156,1
DA:162,1
DA:163,2
DA:169,1
DA:170,1
DA:172,1
DA:173,1
DA:179,1
DA:180,1
DA:181,2
DA:182,2
DA:185,1
DA:186,1
DA:192,1
DA:193,3
DA:199,1
DA:200,1
DA:203,1
DA:204,3
DA:205,2
DA:207,1
DA:209,2
DA:210,2
DA:211,2
DA:212,2
DA:213,2
DA:215,1
DA:217,2
DA:218,1
DA:222,1
DA:225,2
DA:226,1
DA:232,1
DA:234,1
DA:236,1
DA:241,1
DA:242,0
DA:243,0
DA:261,1
DA:262,1
DA:264,2
DA:265,1
DA:267,1
DA:268,1
DA:284,1
DA:285,1
DA:286,1
DA:287,1
LF:101
LH:99
end_of_record
