SF:lib\screens\change_password.dart
DA:10,10
DA:12,1
DA:13,1
DA:24,1
DA:25,2
DA:28,2
DA:31,1
DA:34,2
DA:35,2
DA:36,1
DA:39,1
DA:41,1
DA:43,1
DA:44,1
DA:45,1
DA:46,1
DA:47,1
DA:48,1
DA:49,1
DA:53,1
DA:55,1
DA:57,1
DA:58,1
DA:59,1
DA:65,1
DA:67,1
DA:68,2
DA:69,2
DA:72,1
DA:73,1
DA:79,1
DA:80,2
DA:87,1
DA:89,1
DA:90,1
DA:91,1
DA:98,1
DA:100,1
DA:101,2
DA:102,2
DA:105,1
DA:106,1
DA:112,1
DA:113,2
DA:120,1
DA:122,1
DA:123,1
DA:130,1
DA:132,1
DA:133,2
DA:134,2
DA:137,1
DA:138,1
DA:144,1
DA:145,3
DA:152,1
DA:153,1
DA:154,3
DA:156,1
DA:157,3
DA:158,2
DA:159,2
DA:160,1
DA:162,1
DA:164,1
DA:171,1
DA:180,1
DA:181,1
DA:183,2
DA:186,1
DA:187,1
DA:188,1
DA:189,1
DA:198,1
DA:199,1
DA:201,2
DA:204,1
DA:205,1
DA:206,1
DA:207,1
LF:80
LH:80
end_of_record
SF:lib\widgets\button.dart
DA:7,4
DA:10,4
DA:12,4
DA:14,4
DA:15,4
DA:16,4
DA:17,4
DA:18,8
DA:20,4
DA:21,4
LF:10
LH:10
end_of_record
SF:lib\services\preferences.dart
DA:6,11
DA:9,12
DA:10,12
DA:13,1
DA:14,2
DA:18,2
DA:19,4
DA:23,4
DA:24,8
DA:27,2
DA:28,4
DA:31,7
DA:32,14
DA:35,3
DA:36,3
DA:37,6
DA:40,5
DA:41,10
DA:44,4
DA:45,4
DA:46,8
DA:49,4
DA:50,8
DA:53,2
DA:54,2
DA:55,4
DA:58,3
DA:59,6
LF:28
LH:28
end_of_record
SF:lib\services\firebase_firestore.dart
DA:8,10
DA:10,11
DA:11,0
DA:14,2
DA:19,2
DA:20,2
DA:21,2
DA:22,2
DA:23,2
DA:25,0
DA:26,0
DA:31,1
DA:34,4
DA:51,5
DA:52,5
DA:55,5
DA:56,5
DA:57,5
DA:58,5
DA:59,10
DA:60,15
DA:61,5
DA:64,0
DA:65,0
DA:71,2
DA:72,2
DA:73,2
DA:76,2
DA:77,2
DA:78,2
DA:79,2
DA:80,2
DA:81,4
DA:82,4
DA:83,8
DA:84,4
DA:89,0
DA:90,0
DA:95,2
DA:96,2
DA:100,8
DA:102,2
DA:103,1
DA:104,1
DA:105,1
DA:109,0
DA:110,0
DA:114,1
DA:115,1
DA:119,4
DA:120,2
DA:121,3
DA:122,1
DA:126,0
DA:127,0
DA:131,1
DA:134,4
DA:136,2
DA:137,3
DA:138,1
DA:139,1
DA:140,1
DA:141,3
DA:142,2
DA:145,0
DA:149,1
DA:152,4
DA:154,2
DA:155,3
DA:156,1
DA:157,1
DA:158,1
DA:159,3
DA:160,2
DA:163,0
DA:167,1
DA:171,4
DA:173,2
DA:174,3
DA:175,2
DA:176,1
DA:177,1
DA:178,3
DA:179,2
DA:182,0
DA:186,1
DA:190,4
DA:192,2
DA:193,3
DA:194,2
DA:196,1
DA:198,1
DA:200,3
DA:201,2
DA:204,0
DA:208,1
DA:210,1
DA:211,1
DA:212,1
DA:213,1
DA:215,2
DA:217,3
DA:218,1
DA:219,1
DA:220,1
DA:224,0
DA:227,0
DA:230,1
DA:233,4
DA:235,2
DA:236,3
DA:237,2
DA:238,1
DA:239,1
DA:240,3
DA:241,2
DA:244,0
DA:248,1
DA:252,4
DA:254,2
DA:255,3
DA:256,2
DA:257,1
DA:258,1
DA:259,3
DA:260,2
DA:263,0
DA:267,1
DA:269,1
DA:270,1
DA:271,1
DA:272,1
DA:274,2
DA:275,3
DA:276,1
DA:280,0
DA:283,0
DA:286,1
DA:287,1
DA:290,3
DA:292,2
DA:293,1
DA:294,2
DA:295,1
DA:299,1
DA:300,3
DA:303,0
DA:304,0
DA:309,1
DA:311,1
DA:314,1
DA:315,3
DA:316,1
DA:317,0
DA:318,0
DA:322,1
DA:323,1
DA:324,1
DA:325,1
DA:326,5
DA:327,1
DA:328,1
DA:329,1
DA:330,3
DA:331,0
DA:332,0
DA:336,2
DA:339,2
DA:340,2
DA:341,6
DA:342,6
DA:343,2
DA:344,10
DA:345,0
DA:346,0
DA:353,2
DA:355,2
DA:358,2
DA:359,4
DA:360,1
DA:361,3
DA:362,1
DA:366,2
DA:367,2
DA:368,2
DA:369,2
DA:370,10
DA:371,2
DA:372,2
DA:373,2
DA:374,6
DA:375,0
DA:376,0
DA:380,1
DA:382,1
DA:383,1
DA:384,1
DA:385,1
DA:386,2
DA:387,5
DA:392,2
DA:393,2
DA:394,2
DA:395,2
DA:396,2
DA:397,4
DA:398,8
DA:404,1
DA:406,1
DA:407,1
DA:408,1
DA:409,1
DA:410,2
DA:411,2
DA:413,3
DA:417,0
DA:418,0
DA:422,1
DA:425,1
DA:426,1
DA:427,1
DA:428,1
DA:429,2
DA:430,2
DA:437,1
DA:438,3
DA:440,1
DA:441,3
DA:446,0
DA:447,0
DA:451,1
DA:452,1
DA:453,1
DA:454,1
DA:455,1
DA:456,2
DA:459,2
DA:460,2
DA:462,10
DA:465,2
DA:466,2
DA:467,6
DA:468,6
DA:469,2
DA:470,4
DA:471,8
DA:472,0
DA:474,8
DA:475,6
DA:476,4
DA:478,4
DA:479,2
DA:481,2
DA:482,4
DA:483,2
DA:488,0
DA:489,0
DA:495,1
DA:496,1
DA:498,1
DA:499,1
DA:500,1
DA:501,1
DA:502,2
DA:503,2
DA:504,2
DA:505,2
DA:509,0
DA:510,0
LF:269
LH:229
end_of_record
SF:lib/screens/courses.dart
DA:14,2
DA:19,1
DA:25,2
DA:27,8
DA:42,2
DA:43,2
DA:44,2
DA:45,2
DA:48,2
DA:50,2
DA:51,2
DA:52,2
DA:53,2
DA:56,1
DA:57,2
DA:58,1
DA:60,1
DA:61,2
DA:62,1
DA:63,1
DA:64,1
DA:65,3
DA:67,1
DA:68,1
DA:69,1
DA:72,3
DA:74,1
DA:76,1
DA:77,1
DA:78,1
DA:79,1
DA:81,1
DA:84,1
DA:86,2
DA:88,1
DA:93,1
DA:94,1
DA:95,1
DA:98,3
DA:100,1
DA:101,3
DA:102,1
DA:107,1
DA:108,1
DA:115,2
DA:116,2
DA:117,2
DA:118,8
DA:119,2
DA:121,4
DA:122,4
DA:123,6
DA:124,2
DA:125,1
DA:126,1
DA:127,4
DA:128,1
DA:129,2
DA:130,2
DA:132,2
DA:133,1
DA:140,2
DA:141,2
DA:142,2
DA:143,8
DA:144,2
DA:146,4
DA:147,4
DA:148,6
DA:149,2
DA:151,1
DA:152,1
DA:153,4
DA:154,1
DA:155,3
DA:160,4
DA:161,2
DA:165,2
DA:166,2
DA:167,2
DA:168,8
DA:169,2
DA:171,4
DA:172,6
DA:173,2
DA:174,1
DA:175,1
DA:176,4
DA:177,1
DA:179,3
DA:183,4
DA:184,2
DA:188,2
DA:190,2
DA:194,2
DA:195,2
DA:197,2
DA:203,2
DA:204,2
DA:210,2
DA:211,1
DA:215,1
DA:219,1
DA:220,2
DA:221,2
DA:224,2
DA:228,2
DA:246,2
DA:247,2
DA:250,4
DA:258,1
DA:259,1
DA:261,1
DA:262,2
DA:264,1
DA:266,2
DA:268,1
DA:270,1
DA:271,3
DA:274,2
DA:275,2
DA:279,2
DA:297,2
DA:298,2
DA:301,4
DA:302,1
DA:303,1
DA:304,1
DA:305,1
DA:310,1
DA:311,3
DA:316,2
DA:323,2
DA:327,1
DA:328,2
DA:336,1
DA:337,1
DA:340,1
DA:342,4
DA:343,4
DA:344,0
DA:345,0
DA:346,0
DA:348,1
DA:351,1
DA:353,2
DA:354,1
DA:357,1
DA:359,1
DA:360,1
DA:361,1
DA:362,1
DA:363,1
DA:364,2
DA:365,0
DA:366,0
DA:367,0
DA:374,1
DA:375,1
DA:385,1
DA:387,1
DA:388,1
DA:389,1
DA:390,3
DA:391,5
DA:394,1
DA:395,1
DA:396,1
DA:397,2
DA:399,1
DA:400,1
DA:401,1
DA:402,2
DA:404,1
DA:405,1
DA:406,1
DA:407,3
DA:408,5
DA:411,1
LF:179
LH:173
end_of_record
SF:lib/services/firebase_storage.dart
DA:4,5
DA:6,6
DA:7,0
DA:10,5
DA:11,5
LF:5
LH:4
end_of_record
SF:lib/screens/edit_profile.dart
DA:14,12
DA:16,1
DA:17,1
DA:39,1
DA:41,2
DA:42,2
DA:43,1
DA:44,1
DA:45,1
DA:47,2
DA:48,0
DA:49,0
DA:50,0
DA:53,1
DA:54,0
DA:56,0
DA:57,0
DA:58,0
DA:59,0
DA:62,1
DA:64,2
DA:67,1
DA:68,1
DA:69,1
DA:70,1
DA:71,2
DA:72,1
DA:73,1
DA:74,1
DA:75,2
DA:76,1
DA:78,2
DA:79,2
DA:81,2
DA:82,1
DA:86,1
DA:88,2
DA:90,2
DA:92,3
DA:93,1
DA:95,3
DA:96,1
DA:102,1
DA:104,1
DA:105,1
DA:108,1
DA:111,2
DA:112,2
DA:113,1
DA:116,1
DA:118,1
DA:119,1
DA:121,1
DA:123,1
DA:124,1
DA:125,1
DA:126,1
DA:127,1
DA:128,1
DA:129,1
DA:130,1
DA:134,1
DA:136,1
DA:137,1
DA:138,1
DA:140,1
DA:141,2
DA:142,1
DA:143,1
DA:144,1
DA:145,1
DA:149,1
DA:150,1
DA:151,2
DA:156,1
DA:158,1
DA:160,1
DA:163,1
DA:165,1
DA:166,1
DA:169,1
DA:170,1
DA:173,3
DA:175,1
DA:178,3
DA:180,1
DA:181,1
DA:182,2
DA:183,1
DA:186,1
DA:192,1
DA:194,1
DA:195,1
DA:196,1
DA:197,1
DA:198,1
DA:200,1
DA:201,1
DA:202,1
DA:203,1
DA:208,1
DA:209,1
DA:210,2
DA:216,1
DA:218,1
DA:220,1
DA:223,1
DA:224,1
DA:227,1
DA:228,1
DA:230,1
DA:231,1
DA:232,1
DA:234,1
DA:236,1
DA:237,1
DA:238,1
DA:240,1
DA:241,1
DA:242,2
DA:243,1
DA:246,1
DA:257,1
DA:259,1
DA:269,1
DA:271,1
DA:282,1
DA:284,1
DA:285,1
DA:286,3
DA:287,2
DA:288,1
DA:290,1
DA:293,1
LF:134
LH:126
end_of_record
SF:lib/widgets/app_bar.dart
DA:5,12
DA:12,92
DA:20,12
DA:22,12
DA:24,12
DA:25,12
DA:27,36
DA:29,12
DA:31,12
LF:9
LH:9
end_of_record
SF:lib/widgets/responsive_wrapper.dart
DA:6,16
DA:12,6
DA:14,6
DA:15,6
DA:17,6
DA:18,18
DA:20,6
DA:22,6
DA:23,6
DA:24,12
DA:26,6
LF:11
LH:11
end_of_record
SF:lib/widgets/button.dart
DA:7,5
DA:10,5
DA:12,5
DA:14,5
DA:15,5
DA:16,5
DA:17,5
DA:18,10
DA:20,5
DA:21,5
LF:10
LH:0
end_of_record
SF:lib/firebase_options.dart
DA:18,0
DA:22,0
DA:23,0
DA:25,0
DA:27,0
DA:29,0
DA:30,0
DA:34,0
DA:35,0
DA:40,0
LF:10
LH:0
end_of_record
SF:lib/main.dart
DA:17,0
DA:18,0
DA:19,0
DA:20,0
DA:24,0
DA:25,0
DA:26,0
DA:28,0
DA:30,0
DA:35,11
DA:37,0
DA:39,0
DA:41,0
DA:42,0
DA:43,0
DA:53,11
DA:55,1
DA:56,1
DA:67,1
DA:69,1
DA:70,1
DA:71,1
DA:72,1
DA:73,1
DA:75,1
DA:76,1
DA:77,1
DA:78,1
DA:80,0
DA:81,0
DA:82,0
DA:83,0
DA:85,0
DA:86,0
DA:87,0
DA:88,0
DA:90,0
DA:91,0
DA:92,0
DA:93,0
DA:99,1
DA:118,0
DA:120,0
DA:122,0
DA:123,0
DA:125,0
DA:126,0
DA:128,0
DA:129,0
DA:131,0
DA:132,0
DA:136,0
LF:52
LH:15
end_of_record
SF:lib/themes/app_theme.dart
DA:4,0
DA:14,0
DA:15,0
DA:21,0
DA:30,0
DA:31,0
LF:6
LH:0
end_of_record
SF:lib/screens/home_page.dart
DA:13,12
DA:15,2
DA:16,2
DA:28,2
DA:30,2
DA:31,2
DA:33,6
DA:36,1
DA:37,2
DA:38,3
DA:39,2
DA:40,1
DA:42,2
DA:43,2
DA:44,1
DA:45,4
DA:46,1
DA:49,1
DA:53,3
DA:54,2
DA:55,2
DA:56,2
DA:59,1
DA:60,2
DA:61,2
DA:78,2
DA:79,2
DA:82,2
DA:83,8
DA:85,0
DA:89,2
DA:90,4
DA:91,2
DA:92,4
DA:93,2
DA:94,4
DA:95,2
DA:96,7
DA:99,2
DA:102,2
DA:104,4
DA:105,4
DA:106,2
DA:109,2
DA:111,2
DA:113,2
DA:114,2
DA:115,2
DA:116,2
DA:121,2
DA:122,2
DA:124,2
DA:146,2
DA:148,2
DA:149,2
DA:150,2
DA:153,2
DA:155,3
DA:157,2
DA:158,2
DA:161,2
DA:164,2
DA:167,2
DA:169,2
DA:170,2
DA:172,1
DA:173,2
DA:174,2
DA:175,1
DA:176,0
DA:177,0
DA:178,0
DA:179,2
DA:180,0
DA:181,0
DA:192,2
DA:199,2
DA:200,1
DA:201,1
DA:202,1
DA:204,3
DA:205,1
DA:207,1
DA:208,0
DA:209,1
DA:210,0
DA:211,0
DA:215,1
DA:217,1
DA:219,1
DA:220,1
DA:222,1
DA:223,1
DA:227,1
DA:228,1
DA:230,1
DA:231,1
DA:232,1
DA:233,1
DA:234,1
DA:241,1
DA:242,1
DA:243,3
DA:250,1
DA:252,1
DA:254,1
DA:255,1
DA:256,2
DA:269,1
DA:271,1
DA:272,1
DA:275,3
DA:291,4
LF:113
LH:104
end_of_record
SF:lib/screens/maps.dart
DA:14,11
DA:16,0
DA:20,0
DA:23,0
DA:32,11
DA:34,0
DA:36,0
DA:50,0
DA:51,0
DA:54,0
DA:55,0
DA:56,0
DA:57,0
DA:58,0
DA:61,0
DA:64,0
DA:66,0
DA:67,0
DA:68,0
DA:69,0
DA:72,0
DA:73,0
DA:74,0
DA:75,0
DA:76,0
DA:77,0
DA:82,0
DA:85,0
DA:86,0
DA:91,0
DA:92,0
DA:93,0
DA:94,0
DA:95,0
DA:96,0
DA:99,0
DA:103,0
DA:105,0
DA:106,0
DA:108,0
DA:109,0
DA:110,0
DA:111,0
DA:112,0
DA:114,0
DA:116,0
DA:118,0
DA:119,0
LF:48
LH:2
end_of_record
SF:lib/screens/login.dart
DA:10,24
DA:12,2
DA:14,2
DA:16,2
DA:17,2
DA:18,2
DA:20,2
DA:21,2
DA:23,2
DA:29,2
DA:32,2
DA:33,2
DA:34,2
DA:35,2
DA:38,2
DA:40,2
DA:41,2
DA:42,2
DA:43,2
DA:46,2
DA:56,4
DA:58,2
DA:59,2
DA:69,2
DA:71,4
DA:72,4
DA:73,2
DA:76,2
DA:78,2
DA:79,2
DA:80,2
DA:81,2
DA:82,2
DA:84,2
DA:92,1
DA:93,1
DA:94,2
DA:95,1
DA:103,2
DA:105,2
DA:106,2
DA:107,2
DA:113,2
DA:114,1
DA:115,2
DA:116,2
DA:119,2
DA:120,2
DA:125,1
DA:126,1
DA:127,2
DA:128,1
DA:136,2
DA:138,2
DA:139,2
DA:141,2
DA:143,1
DA:144,2
DA:145,1
DA:148,3
DA:151,1
DA:152,4
DA:153,2
DA:154,2
DA:158,3
DA:159,3
DA:160,3
DA:161,3
DA:167,1
DA:169,1
DA:170,1
DA:174,2
DA:175,1
DA:178,2
DA:184,2
DA:185,2
DA:186,2
DA:193,2
DA:195,2
DA:202,2
DA:204,0
DA:206,0
DA:207,0
DA:208,0
LF:84
LH:80
end_of_record
SF:lib/screens/homepage_user.dart
DA:24,1
DA:28,1
DA:29,2
DA:37,1
DA:51,1
DA:52,1
DA:55,1
DA:57,1
DA:58,1
DA:59,1
DA:60,1
DA:61,1
DA:62,1
DA:63,1
DA:66,1
DA:67,3
DA:68,2
DA:69,1
DA:73,1
DA:74,3
DA:76,4
DA:77,1
DA:78,1
DA:79,4
DA:80,1
DA:81,5
DA:84,2
DA:85,1
DA:89,1
DA:90,2
DA:91,1
DA:92,4
DA:93,6
DA:95,2
DA:96,1
DA:100,1
DA:101,1
DA:102,1
DA:103,3
DA:104,1
DA:106,5
DA:107,2
DA:108,4
DA:109,1
DA:110,1
DA:111,3
DA:112,1
DA:113,1
DA:114,1
DA:115,3
DA:116,1
DA:117,5
DA:120,2
DA:121,1
DA:125,1
DA:126,1
DA:127,1
DA:128,3
DA:129,1
DA:130,2
DA:131,1
DA:132,1
DA:133,3
DA:134,1
DA:135,1
DA:136,1
DA:137,3
DA:138,1
DA:140,2
DA:141,2
DA:143,0
DA:144,0
DA:147,2
DA:148,1
DA:152,1
DA:153,2
DA:155,2
DA:156,2
DA:158,2
DA:159,1
DA:163,1
DA:165,1
DA:169,1
DA:170,1
DA:171,1
DA:172,1
DA:174,1
DA:175,1
DA:176,1
DA:177,2
DA:178,1
DA:179,1
DA:180,2
DA:184,1
DA:185,1
DA:186,1
DA:187,1
DA:188,3
DA:191,1
DA:192,1
DA:194,1
DA:195,1
DA:196,2
DA:201,1
DA:205,1
DA:208,1
DA:209,1
DA:215,1
DA:217,1
DA:218,1
DA:219,5
DA:225,1
DA:226,1
DA:234,3
DA:235,1
DA:237,1
DA:238,1
DA:239,1
DA:240,1
DA:242,1
DA:244,1
DA:245,1
DA:247,2
DA:248,1
DA:249,1
DA:250,1
DA:251,1
DA:259,0
DA:262,1
DA:264,1
DA:267,1
DA:279,1
DA:281,1
DA:282,2
DA:284,1
DA:285,1
DA:291,1
DA:292,1
DA:293,1
DA:294,1
DA:295,1
DA:297,1
DA:298,1
DA:299,1
DA:300,1
DA:301,1
DA:302,3
DA:305,0
DA:307,0
DA:310,0
DA:314,1
DA:315,1
DA:316,2
DA:318,1
DA:320,1
DA:321,1
DA:323,2
DA:324,2
DA:325,1
DA:327,1
DA:330,1
DA:331,1
DA:332,2
DA:333,1
DA:337,0
DA:345,1
DA:347,1
DA:350,1
DA:362,1
DA:363,1
DA:364,1
DA:365,2
DA:367,1
DA:368,1
DA:373,1
DA:374,1
DA:375,1
DA:376,1
DA:377,1
DA:378,1
DA:380,1
DA:381,1
DA:382,1
DA:383,1
DA:384,1
DA:385,1
DA:386,2
DA:387,2
DA:388,2
DA:390,1
DA:393,1
DA:396,1
DA:399,0
DA:401,0
DA:404,0
DA:407,1
DA:408,1
DA:409,2
DA:411,1
DA:413,1
DA:414,1
DA:416,2
DA:417,2
DA:418,1
DA:420,1
DA:423,1
DA:424,1
DA:425,2
DA:430,0
DA:438,1
DA:441,1
DA:442,1
DA:445,1
DA:447,1
DA:459,1
DA:462,1
DA:465,1
DA:468,1
DA:470,2
DA:471,1
DA:473,1
DA:474,1
DA:476,2
DA:477,2
DA:478,1
DA:480,1
DA:487,1
DA:496,1
DA:497,1
DA:498,1
DA:501,2
DA:503,1
DA:504,1
DA:505,1
DA:506,1
DA:507,1
DA:509,1
DA:510,1
DA:511,4
DA:513,1
DA:518,1
DA:520,1
DA:521,1
DA:522,2
DA:523,2
DA:524,1
DA:526,1
DA:531,1
DA:532,1
DA:533,2
DA:534,2
DA:535,1
DA:536,1
DA:538,3
DA:543,0
DA:545,0
DA:546,0
DA:552,1
DA:553,1
DA:554,1
DA:560,0
DA:561,0
DA:562,0
LF:263
LH:246
end_of_record
SF:lib/screens/friends_list.dart
DA:13,12
DA:15,1
DA:16,1
DA:31,1
DA:33,2
DA:35,2
DA:36,0
DA:37,0
DA:38,0
DA:42,5
DA:43,2
DA:44,2
DA:45,1
DA:47,1
DA:50,1
DA:53,1
DA:55,2
DA:56,2
DA:57,1
DA:60,1
DA:61,2
DA:62,2
DA:66,1
DA:68,2
DA:72,1
DA:74,1
DA:75,1
DA:77,1
DA:79,1
DA:80,1
DA:82,2
DA:85,1
DA:86,1
DA:87,1
DA:88,2
DA:89,1
DA:92,1
DA:94,1
DA:95,1
DA:97,1
DA:98,1
DA:102,1
DA:107,1
DA:110,1
DA:111,2
DA:125,1
DA:126,1
DA:139,1
DA:140,1
DA:141,1
DA:142,1
DA:143,1
DA:144,1
DA:145,1
DA:146,1
DA:148,1
DA:150,1
DA:157,1
DA:158,0
DA:159,2
DA:160,1
DA:162,1
DA:163,1
DA:164,3
DA:165,1
DA:166,1
DA:175,1
DA:176,1
DA:177,1
DA:178,1
DA:179,1
DA:193,1
DA:199,1
DA:201,1
DA:202,1
DA:203,1
DA:204,1
DA:206,1
DA:207,3
DA:209,1
DA:210,1
DA:211,2
DA:212,1
DA:213,1
DA:214,1
DA:215,1
DA:217,1
DA:225,1
DA:226,1
DA:232,1
DA:234,1
DA:235,1
DA:236,1
DA:237,1
DA:238,1
DA:239,1
DA:240,1
DA:241,1
DA:242,1
DA:243,1
DA:244,1
DA:245,2
DA:246,1
DA:248,1
DA:249,1
DA:251,1
DA:261,1
DA:262,1
DA:263,1
DA:264,1
DA:265,1
DA:266,1
DA:267,2
DA:268,1
DA:270,1
DA:271,1
DA:273,1
DA:283,1
DA:284,0
DA:288,1
DA:289,1
DA:290,1
DA:291,1
LF:123
LH:118
end_of_record
SF:lib/screens/add_milestone.dart
DA:12,3
DA:16,2
DA:17,4
DA:29,2
DA:30,2
DA:33,2
DA:35,4
DA:36,2
DA:39,1
DA:41,2
DA:43,2
DA:44,3
DA:45,1
DA:52,1
DA:54,5
DA:56,1
DA:57,1
DA:58,3
DA:59,3
DA:60,1
DA:61,1
DA:62,3
DA:63,2
DA:65,2
DA:68,2
DA:70,2
DA:71,2
DA:73,2
DA:75,2
DA:81,2
DA:82,2
DA:85,2
DA:86,2
DA:87,2
DA:88,2
DA:95,0
DA:100,2
DA:101,1
DA:102,1
DA:104,2
DA:106,2
DA:107,2
DA:108,2
DA:109,2
DA:116,2
DA:117,2
DA:119,1
DA:120,7
DA:121,2
DA:125,1
DA:126,2
DA:131,2
DA:132,1
DA:134,1
DA:138,1
DA:140,0
LF:56
LH:54
end_of_record
SF:lib/screens/change_password.dart
DA:10,12
DA:12,1
DA:13,1
DA:24,1
DA:25,2
DA:28,2
DA:31,1
DA:34,2
DA:35,2
DA:36,1
DA:39,1
DA:41,1
DA:43,1
DA:44,1
DA:45,1
DA:46,1
DA:47,1
DA:48,1
DA:49,1
DA:53,1
DA:55,1
DA:57,1
DA:58,1
DA:59,1
DA:65,1
DA:66,0
DA:67,0
DA:68,0
DA:71,1
DA:72,1
DA:78,1
DA:79,2
DA:86,1
DA:88,1
DA:89,1
DA:90,1
DA:97,1
DA:98,0
DA:99,0
DA:100,0
DA:103,1
DA:104,1
DA:110,1
DA:111,2
DA:118,1
DA:120,1
DA:121,1
DA:128,1
DA:129,0
DA:130,0
DA:131,0
DA:134,1
DA:135,1
DA:141,1
DA:142,3
DA:149,1
DA:150,1
DA:151,3
DA:153,1
DA:154,3
DA:155,2
DA:156,2
DA:157,1
DA:159,1
DA:161,1
DA:168,1
DA:177,1
DA:178,1
DA:180,2
DA:183,1
DA:184,1
DA:185,1
DA:186,1
DA:195,1
DA:196,1
DA:198,2
DA:201,1
DA:202,1
DA:203,1
DA:204,1
LF:80
LH:71
end_of_record
SF:lib/widgets/container_shadow.dart
DA:10,6
DA:19,6
DA:21,6
DA:22,6
DA:23,6
DA:28,6
DA:29,6
DA:30,6
DA:31,18
DA:32,6
DA:33,6
DA:34,18
DA:41,6
LF:13
LH:13
end_of_record
SF:lib/screens/my_friends_list.dart
DA:10,11
DA:12,1
DA:13,1
DA:24,1
DA:26,1
DA:27,1
DA:28,3
DA:31,1
DA:33,2
DA:34,1
DA:37,1
DA:38,2
DA:39,3
DA:40,2
DA:42,2
DA:43,2
DA:44,1
DA:45,4
DA:46,1
DA:51,1
DA:52,1
DA:53,2
DA:54,1
DA:55,2
DA:56,1
DA:57,2
DA:62,1
DA:64,1
DA:65,1
DA:66,1
DA:67,1
DA:69,1
DA:70,1
DA:72,1
DA:73,1
DA:74,1
DA:77,1
DA:79,3
DA:81,1
DA:82,1
DA:85,2
DA:88,1
DA:91,1
DA:93,1
DA:94,1
DA:96,1
DA:97,2
DA:98,2
DA:99,1
DA:100,0
DA:101,0
DA:102,2
DA:103,0
DA:110,1
DA:111,1
DA:113,1
DA:114,2
DA:116,1
DA:117,1
DA:118,0
DA:120,0
DA:121,0
DA:123,0
DA:124,0
DA:128,1
DA:130,1
DA:132,1
DA:133,1
DA:135,1
DA:136,1
DA:139,1
DA:140,1
DA:142,1
DA:150,1
DA:152,1
DA:155,1
DA:156,1
DA:159,1
DA:160,2
DA:167,1
DA:168,1
DA:169,1
DA:170,1
DA:172,1
DA:173,1
DA:174,2
DA:197,1
DA:198,1
DA:199,1
DA:200,1
DA:201,1
DA:203,1
DA:204,1
DA:205,2
DA:206,1
DA:208,1
DA:218,1
DA:219,1
DA:220,1
DA:221,2
DA:230,1
DA:231,0
DA:232,0
DA:246,1
DA:247,2
DA:248,2
DA:249,2
DA:252,2
DA:253,2
LF:109
LH:99
end_of_record
SF:lib/screens/search_friend_list.dart
DA:10,11
DA:12,1
DA:13,1
DA:23,1
DA:25,1
DA:26,1
DA:27,1
DA:28,3
DA:31,0
DA:33,0
DA:34,0
DA:37,1
DA:38,2
DA:39,3
DA:40,2
DA:42,2
DA:43,2
DA:44,1
DA:45,4
DA:46,1
DA:51,1
DA:52,1
DA:53,2
DA:54,1
DA:55,2
DA:56,1
DA:57,2
DA:62,1
DA:63,1
DA:64,2
DA:65,1
DA:66,2
DA:67,1
DA:72,1
DA:74,1
DA:75,1
DA:76,1
DA:77,1
DA:79,1
DA:80,1
DA:82,1
DA:83,1
DA:84,1
DA:87,1
DA:89,3
DA:91,1
DA:92,1
DA:95,2
DA:98,1
DA:101,1
DA:103,1
DA:104,1
DA:106,1
DA:107,2
DA:108,2
DA:109,1
DA:110,0
DA:111,0
DA:112,2
DA:113,0
DA:120,1
DA:121,1
DA:123,1
DA:124,2
DA:126,1
DA:127,2
DA:128,2
DA:129,1
DA:130,0
DA:132,0
DA:133,0
DA:135,0
DA:136,0
DA:140,1
DA:142,1
DA:144,1
DA:145,1
DA:147,1
DA:148,1
DA:151,1
DA:152,1
DA:154,1
DA:162,1
DA:164,1
DA:167,1
DA:168,1
DA:171,1
DA:172,2
DA:179,1
DA:180,1
DA:186,1
DA:187,1
DA:190,1
DA:192,1
DA:194,1
DA:217,1
DA:218,1
DA:219,1
DA:220,1
DA:221,1
DA:223,1
DA:224,1
DA:225,2
DA:226,1
DA:230,1
DA:240,1
DA:241,1
DA:242,1
DA:243,2
DA:252,1
DA:253,1
DA:254,2
DA:268,1
DA:269,2
DA:270,2
DA:273,2
DA:274,1
DA:275,1
DA:279,1
DA:280,1
DA:281,1
DA:282,1
DA:283,1
DA:285,1
DA:286,1
DA:287,2
DA:288,1
DA:292,1
DA:302,1
DA:303,1
DA:304,1
DA:305,2
DA:314,1
DA:315,1
DA:316,2
DA:330,1
DA:331,2
DA:332,2
DA:335,1
DA:336,1
DA:337,1
DA:338,1
LF:142
LH:131
end_of_record
SF:lib\widgets\screen_transition.dart
DA:4,5
DA:11,5
DA:12,10
DA:14,4
DA:16,4
DA:17,4
DA:18,4
DA:19,4
DA:21,4
DA:22,8
DA:24,4
LF:11
LH:11
end_of_record
SF:lib\widgets\button_icon.dart
DA:8,6
DA:16,6
DA:18,6
DA:19,6
DA:20,6
DA:22,6
DA:23,6
DA:24,6
DA:26,6
LF:9
LH:9
end_of_record
SF:lib\screens\homepage_mentor.dart
DA:25,4
DA:29,2
DA:30,4
DA:58,2
DA:59,2
DA:62,2
DA:64,8
DA:65,2
DA:66,2
DA:67,2
DA:68,2
DA:69,2
DA:72,2
DA:73,6
DA:74,4
DA:75,2
DA:79,1
DA:80,4
DA:81,4
DA:82,3
DA:83,1
DA:84,2
DA:87,0
DA:92,2
DA:93,2
DA:94,2
DA:95,6
DA:96,2
DA:98,4
DA:99,2
DA:100,2
DA:101,6
DA:102,2
DA:103,2
DA:104,2
DA:105,6
DA:106,2
DA:107,4
DA:108,4
DA:110,0
DA:111,0
DA:114,4
DA:115,2
DA:119,2
DA:120,6
DA:122,4
DA:123,4
DA:124,2
DA:129,2
DA:130,2
DA:131,2
DA:132,6
DA:133,2
DA:134,4
DA:135,2
DA:136,3
DA:137,1
DA:138,1
DA:139,3
DA:140,1
DA:141,1
DA:142,1
DA:143,3
DA:144,1
DA:145,5
DA:149,4
DA:150,4
DA:151,1
DA:157,1
DA:158,1
DA:160,2
DA:162,1
DA:164,0
DA:167,2
DA:171,1
DA:173,2
DA:178,2
DA:183,2
DA:186,1
DA:189,1
DA:196,2
DA:201,2
DA:203,2
DA:207,2
DA:208,2
DA:210,2
DA:211,2
DA:212,2
DA:213,2
DA:214,4
DA:215,2
DA:216,2
DA:217,4
DA:221,2
DA:222,2
DA:223,2
DA:224,2
DA:225,6
DA:228,2
DA:230,2
DA:231,2
DA:232,2
DA:233,4
DA:238,2
DA:243,2
DA:245,2
DA:246,2
DA:252,2
DA:254,2
DA:255,2
DA:256,4
DA:262,2
DA:263,4
DA:271,2
DA:274,2
DA:275,5
DA:279,2
DA:282,2
DA:295,2
DA:301,2
DA:302,2
DA:303,4
DA:306,2
DA:307,2
DA:308,2
DA:309,4
DA:312,4
DA:313,8
DA:315,10
DA:316,2
DA:317,2
DA:321,10
DA:322,10
DA:332,2
DA:335,2
DA:347,2
DA:357,2
DA:358,2
DA:359,1
DA:362,2
DA:363,1
DA:367,1
DA:369,1
DA:370,1
DA:371,1
DA:372,1
DA:373,1
DA:374,2
DA:375,1
DA:376,1
DA:377,2
DA:378,3
DA:379,1
DA:381,1
DA:382,1
DA:386,1
DA:389,1
DA:391,1
DA:392,1
DA:396,1
DA:397,1
DA:399,1
DA:400,1
DA:401,1
DA:402,1
DA:403,1
DA:410,1
DA:411,2
DA:412,1
DA:413,1
DA:414,1
DA:421,1
DA:425,1
DA:426,2
DA:427,1
DA:428,1
DA:429,2
DA:432,1
DA:433,1
DA:435,1
DA:436,1
DA:437,1
DA:440,3
DA:441,1
DA:442,1
DA:443,1
DA:444,2
DA:454,2
LF:188
LH:184
end_of_record
SF:lib\screens\settings.dart
DA:17,2
DA:19,2
DA:24,2
DA:26,6
DA:33,2
DA:34,2
DA:35,2
DA:38,2
DA:40,2
DA:44,2
DA:45,2
DA:46,2
DA:47,4
DA:53,2
DA:55,2
DA:59,2
DA:60,2
DA:63,2
DA:64,2
DA:66,2
DA:68,2
DA:69,2
DA:70,2
DA:71,4
DA:79,2
DA:80,2
DA:82,2
DA:86,2
DA:87,2
DA:88,2
DA:95,2
DA:98,2
DA:99,2
DA:116,2
DA:119,2
DA:120,2
DA:121,2
DA:122,2
DA:126,2
DA:127,1
DA:128,2
DA:129,1
DA:130,1
DA:135,2
DA:139,0
DA:141,0
DA:143,0
DA:144,0
DA:149,2
DA:153,0
DA:156,0
DA:158,0
DA:159,0
DA:168,2
DA:171,2
DA:173,2
DA:176,2
DA:177,1
DA:180,2
DA:181,1
DA:182,1
DA:186,2
DA:187,2
DA:188,2
LF:64
LH:56
end_of_record
SF:lib/screens/sign_up.dart
DA:8,12
DA:10,1
DA:24,11
DA:26,1
DA:27,1
DA:40,1
DA:42,2
DA:43,2
DA:44,2
DA:45,2
DA:46,2
DA:47,1
DA:50,1
DA:52,1
DA:53,1
DA:54,1
DA:55,1
DA:56,1
DA:57,1
DA:59,1
DA:61,1
DA:64,1
DA:71,1
DA:72,1
DA:78,1
DA:79,1
DA:83,1
DA:84,1
DA:86,1
DA:93,1
DA:94,1
DA:100,1
DA:101,1
DA:103,1
DA:110,1
DA:111,1
DA:117,1
DA:118,1
DA:120,1
DA:127,1
DA:128,1
DA:131,1
DA:132,1
DA:138,1
DA:139,1
DA:141,1
DA:142,1
DA:143,1
DA:149,1
DA:150,1
DA:151,2
DA:152,2
DA:155,1
DA:156,1
DA:162,1
DA:163,2
DA:169,1
DA:170,1
DA:172,1
DA:173,1
DA:179,1
DA:180,1
DA:181,2
DA:182,2
DA:185,1
DA:186,1
DA:192,1
DA:193,3
DA:199,1
DA:200,1
DA:203,1
DA:204,3
DA:205,2
DA:207,1
DA:208,1
DA:209,2
DA:210,2
DA:211,2
DA:212,2
DA:213,2
DA:215,1
DA:217,2
DA:218,1
DA:222,1
DA:223,1
DA:225,2
DA:226,1
DA:232,1
DA:234,1
DA:236,1
DA:241,1
DA:242,0
DA:243,0
DA:261,1
DA:262,1
DA:264,2
DA:266,1
DA:268,1
DA:269,1
DA:285,1
DA:286,1
DA:287,1
DA:288,1
LF:103
LH:101
end_of_record
